Build started 04/12/2014 18:45:55.
     1>Project "U:\Documents\AC41001 -  Graphics\Week3 Lab\Week3 Lab\Week3 Lab.vcxproj" on node 2 (Build target(s)).
     1>ClCompile:
         C:\Program Files\Microsoft Visual Studio 12.0\VC\bin\CL.exe /c /ZI /nologo /W3 /WX- /sdl /Od /Oy- /D _MBCS /Gm /EHsc /RTC1 /MDd /GS /fp:precise /Zc:wchar_t /Zc:forScope /Fo"Debug\\" /Fd"Debug\vc120.pdb" /Gd /TP /analyze- /errorReport:prompt terrain.cpp
         terrain.cpp
     1>u:\documents\ac41001 -  graphics\week3 lab\week3 lab\terrain.cpp(230): warning C4244: 'argument' : conversion from 'GLfloat' to 'int', possible loss of data
     1>u:\documents\ac41001 -  graphics\week3 lab\week3 lab\terrain.cpp(290): warning C4018: '<' : signed/unsigned mismatch
         GLM: rotate function taking degrees as a parameter is deprecated. #define GLM_FORCE_RADIANS before including GLM headers to remove this message.
         GLM: perspective function taking degrees as a parameter is deprecated. #define GLM_FORCE_RADIANS before including GLM headers to remove this message.
       Link:
         C:\Program Files\Microsoft Visual Studio 12.0\VC\bin\link.exe /ERRORREPORT:PROMPT /OUT:"U:\Documents\AC41001 -  Graphics\Week3 Lab\Debug\Week3 Lab.exe" /INCREMENTAL /NOLOGO kernel32.lib user32.lib gdi32.lib winspool.lib comdlg32.lib advapi32.lib shell32.lib ole32.lib oleaut32.lib uuid.lib odbc32.lib odbccp32.lib /MANIFEST /MANIFESTUAC:"level='asInvoker' uiAccess='false'" /manifest:embed /DEBUG /PDB:"U:\Documents\AC41001 -  Graphics\Week3 Lab\Debug\Week3 Lab.pdb" /TLBID:1 /DYNAMICBASE /NXCOMPAT /IMPLIB:"U:\Documents\AC41001 -  Graphics\Week3 Lab\Debug\Week3 Lab.lib" /MACHINE:X86 Debug\Floor.obj
         Debug\object_ldr.obj
         Debug\particle_object.obj
         Debug\room.obj
         Debug\Sky.obj
         Debug\SquarePlanter.obj
         Debug\terrain.obj
         Debug\terrain_object.obj
         Debug\textureLoader.obj
         Debug\wrapper_glfw.obj
         Week3 Lab.vcxproj -> U:\Documents\AC41001 -  Graphics\Week3 Lab\Debug\Week3 Lab.exe
     1>Done Building Project "U:\Documents\AC41001 -  Graphics\Week3 Lab\Week3 Lab\Week3 Lab.vcxproj" (Build target(s)).

Build succeeded.

Time Elapsed 00:00:05.68
