Build started 10/11/2014 15:11:42.
     1>Project "U:\Documents\AC41001 -  Graphics\Thomas Butterwith\Thomas Butterwith\Week2 Lab.vcxproj" on node 2 (Rebuild target(s)).
     1>C:\Program Files\MSBuild\Microsoft.Cpp\v4.0\V120\Microsoft.CppBuild.targets(381,5): warning MSB8028: The intermediate directory (Debug\) contains files shared from another project (Week2 Lab.vcxproj).  This can lead to incorrect clean and rebuild behavior.
     1>ClCompile:
         C:\Program Files\Microsoft Visual Studio 12.0\VC\bin\CL.exe /c /ZI /nologo /W3 /WX- /sdl /Od /Oy- /D _MBCS /Gm /EHsc /RTC1 /MDd /GS /fp:precise /Zc:wchar_t /Zc:forScope /Fo"Debug\\" /Fd"Debug\vc120.pdb" /Gd /TP /analyze- /errorReport:prompt Crank.cpp Gear.cpp main.cpp wrapper_glfw.cpp
         wrapper_glfw.cpp
     1>u:\documents\ac41001 -  graphics\thomas butterwith\thomas butterwith\wrapper_glfw.cpp(227): warning C4101: 'e' : unreferenced local variable
         main.cpp
     1>u:\documents\ac41001 -  graphics\thomas butterwith\thomas butterwith\main.cpp(118): warning C4305: 'argument' : truncation from 'double' to 'float'
     1>u:\documents\ac41001 -  graphics\thomas butterwith\thomas butterwith\main.cpp(392): warning C4244: '=' : conversion from 'double' to 'GLfloat', possible loss of data
     1>u:\documents\ac41001 -  graphics\thomas butterwith\thomas butterwith\main.cpp(393): warning C4244: '=' : conversion from 'double' to 'GLfloat', possible loss of data
     1>u:\documents\ac41001 -  graphics\thomas butterwith\thomas butterwith\main.cpp(394): warning C4244: '=' : conversion from 'double' to 'float', possible loss of data
     1>u:\documents\ac41001 -  graphics\thomas butterwith\thomas butterwith\main.cpp(395): warning C4244: '=' : conversion from 'double' to 'float', possible loss of data
         GLM: rotate function taking degrees as a parameter is deprecated. #define GLM_FORCE_RADIANS before including GLM headers to remove this message.
         GLM: perspective function taking degrees as a parameter is deprecated. #define GLM_FORCE_RADIANS before including GLM headers to remove this message.
         Gear.cpp
         GLM: rotate function taking degrees as a parameter is deprecated. #define GLM_FORCE_RADIANS before including GLM headers to remove this message.
         Crank.cpp
     1>u:\documents\ac41001 -  graphics\thomas butterwith\thomas butterwith\crank.cpp(14): warning C4244: 'initializing' : conversion from 'float' to 'int', possible loss of data
         GLM: rotate function taking degrees as a parameter is deprecated. #define GLM_FORCE_RADIANS before including GLM headers to remove this message.
         Generating Code...
       Link:
         C:\Program Files\Microsoft Visual Studio 12.0\VC\bin\link.exe /ERRORREPORT:PROMPT /OUT:"U:\Documents\AC41001 -  Graphics\Thomas Butterwith\Debug\Thomas Butterwith.exe" /INCREMENTAL /NOLOGO kernel32.lib user32.lib gdi32.lib winspool.lib comdlg32.lib advapi32.lib shell32.lib ole32.lib oleaut32.lib uuid.lib odbc32.lib odbccp32.lib /MANIFEST /MANIFESTUAC:"level='asInvoker' uiAccess='false'" /manifest:embed /DEBUG /PDB:"U:\Documents\AC41001 -  Graphics\Thomas Butterwith\Debug\Thomas Butterwith.pdb" /TLBID:1 /DYNAMICBASE /NXCOMPAT /IMPLIB:"U:\Documents\AC41001 -  Graphics\Thomas Butterwith\Debug\Thomas Butterwith.lib" /MACHINE:X86 Debug\Crank.obj
         Debug\Gear.obj
         Debug\main.obj
         Debug\wrapper_glfw.obj
     1>glfw3.lib(context.obj) : warning LNK4099: PDB 'vc120.pdb' was not found with 'glfw3.lib(context.obj)' or at 'U:\Documents\AC41001 -  Graphics\Thomas Butterwith\Debug\vc120.pdb'; linking object as if no debug info
     1>glfw3.lib(gamma.obj) : warning LNK4099: PDB 'vc120.pdb' was not found with 'glfw3.lib(gamma.obj)' or at 'U:\Documents\AC41001 -  Graphics\Thomas Butterwith\Debug\vc120.pdb'; linking object as if no debug info
     1>glfw3.lib(init.obj) : warning LNK4099: PDB 'vc120.pdb' was not found with 'glfw3.lib(init.obj)' or at 'U:\Documents\AC41001 -  Graphics\Thomas Butterwith\Debug\vc120.pdb'; linking object as if no debug info
     1>glfw3.lib(input.obj) : warning LNK4099: PDB 'vc120.pdb' was not found with 'glfw3.lib(input.obj)' or at 'U:\Documents\AC41001 -  Graphics\Thomas Butterwith\Debug\vc120.pdb'; linking object as if no debug info
     1>glfw3.lib(monitor.obj) : warning LNK4099: PDB 'vc120.pdb' was not found with 'glfw3.lib(monitor.obj)' or at 'U:\Documents\AC41001 -  Graphics\Thomas Butterwith\Debug\vc120.pdb'; linking object as if no debug info
     1>glfw3.lib(window.obj) : warning LNK4099: PDB 'vc120.pdb' was not found with 'glfw3.lib(window.obj)' or at 'U:\Documents\AC41001 -  Graphics\Thomas Butterwith\Debug\vc120.pdb'; linking object as if no debug info
     1>glfw3.lib(win32_gamma.obj) : warning LNK4099: PDB 'vc120.pdb' was not found with 'glfw3.lib(win32_gamma.obj)' or at 'U:\Documents\AC41001 -  Graphics\Thomas Butterwith\Debug\vc120.pdb'; linking object as if no debug info
     1>glfw3.lib(win32_init.obj) : warning LNK4099: PDB 'vc120.pdb' was not found with 'glfw3.lib(win32_init.obj)' or at 'U:\Documents\AC41001 -  Graphics\Thomas Butterwith\Debug\vc120.pdb'; linking object as if no debug info
     1>glfw3.lib(win32_joystick.obj) : warning LNK4099: PDB 'vc120.pdb' was not found with 'glfw3.lib(win32_joystick.obj)' or at 'U:\Documents\AC41001 -  Graphics\Thomas Butterwith\Debug\vc120.pdb'; linking object as if no debug info
     1>glfw3.lib(win32_monitor.obj) : warning LNK4099: PDB 'vc120.pdb' was not found with 'glfw3.lib(win32_monitor.obj)' or at 'U:\Documents\AC41001 -  Graphics\Thomas Butterwith\Debug\vc120.pdb'; linking object as if no debug info
     1>glfw3.lib(win32_time.obj) : warning LNK4099: PDB 'vc120.pdb' was not found with 'glfw3.lib(win32_time.obj)' or at 'U:\Documents\AC41001 -  Graphics\Thomas Butterwith\Debug\vc120.pdb'; linking object as if no debug info
     1>glfw3.lib(win32_window.obj) : warning LNK4099: PDB 'vc120.pdb' was not found with 'glfw3.lib(win32_window.obj)' or at 'U:\Documents\AC41001 -  Graphics\Thomas Butterwith\Debug\vc120.pdb'; linking object as if no debug info
     1>glfw3.lib(wgl_context.obj) : warning LNK4099: PDB 'vc120.pdb' was not found with 'glfw3.lib(wgl_context.obj)' or at 'U:\Documents\AC41001 -  Graphics\Thomas Butterwith\Debug\vc120.pdb'; linking object as if no debug info
     1>glloadD.lib(gl_load.obj) : warning LNK4099: PDB 'vc120.pdb' was not found with 'glloadD.lib(gl_load.obj)' or at 'U:\Documents\AC41001 -  Graphics\Thomas Butterwith\Debug\vc120.pdb'; linking object as if no debug info
     1>glloadD.lib(gl_load_cpp.obj) : warning LNK4099: PDB 'vc120.pdb' was not found with 'glloadD.lib(gl_load_cpp.obj)' or at 'U:\Documents\AC41001 -  Graphics\Thomas Butterwith\Debug\vc120.pdb'; linking object as if no debug info
         Week2 Lab.vcxproj -> U:\Documents\AC41001 -  Graphics\Thomas Butterwith\Debug\Thomas Butterwith.exe
     1>Done Building Project "U:\Documents\AC41001 -  Graphics\Thomas Butterwith\Thomas Butterwith\Week2 Lab.vcxproj" (Rebuild target(s)).

Build succeeded.

Time Elapsed 00:00:06.03
