u:\documents\ac41001 -  graphics\include\lib3ds-1.3.0\msvc8\tmp\lib3ds\debug\vc120.pdb
u:\documents\ac41001 -  graphics\include\lib3ds-1.3.0\msvc8\tmp\lib3ds\debug\vc120.idb
u:\documents\ac41001 -  graphics\include\lib3ds-1.3.0\msvc8\tmp\lib3ds\debug\atmosphere.obj
u:\documents\ac41001 -  graphics\include\lib3ds-1.3.0\msvc8\tmp\lib3ds\debug\background.obj
u:\documents\ac41001 -  graphics\include\lib3ds-1.3.0\msvc8\tmp\lib3ds\debug\camera.obj
u:\documents\ac41001 -  graphics\include\lib3ds-1.3.0\msvc8\tmp\lib3ds\debug\chunk.obj
u:\documents\ac41001 -  graphics\include\lib3ds-1.3.0\msvc8\tmp\lib3ds\debug\ease.obj
u:\documents\ac41001 -  graphics\include\lib3ds-1.3.0\msvc8\tmp\lib3ds\debug\file.obj
u:\documents\ac41001 -  graphics\include\lib3ds-1.3.0\msvc8\tmp\lib3ds\debug\io.obj
u:\documents\ac41001 -  graphics\include\lib3ds-1.3.0\msvc8\tmp\lib3ds\debug\light.obj
u:\documents\ac41001 -  graphics\include\lib3ds-1.3.0\msvc8\tmp\lib3ds\debug\material.obj
u:\documents\ac41001 -  graphics\include\lib3ds-1.3.0\msvc8\tmp\lib3ds\debug\matrix.obj
u:\documents\ac41001 -  graphics\include\lib3ds-1.3.0\msvc8\tmp\lib3ds\debug\mesh.obj
u:\documents\ac41001 -  graphics\include\lib3ds-1.3.0\msvc8\tmp\lib3ds\debug\node.obj
u:\documents\ac41001 -  graphics\include\lib3ds-1.3.0\msvc8\tmp\lib3ds\debug\quat.obj
u:\documents\ac41001 -  graphics\include\lib3ds-1.3.0\msvc8\tmp\lib3ds\debug\shadow.obj
u:\documents\ac41001 -  graphics\include\lib3ds-1.3.0\msvc8\tmp\lib3ds\debug\tcb.obj
u:\documents\ac41001 -  graphics\include\lib3ds-1.3.0\msvc8\tmp\lib3ds\debug\tracks.obj
u:\documents\ac41001 -  graphics\include\lib3ds-1.3.0\msvc8\tmp\lib3ds\debug\vector.obj
u:\documents\ac41001 -  graphics\include\lib3ds-1.3.0\msvc8\tmp\lib3ds\debug\viewport.obj
u:\documents\ac41001 -  graphics\include\lib3ds-1.3.0\msvc8\debug\lib3ds.lib
u:\documents\ac41001 -  graphics\include\lib3ds-1.3.0\msvc8\debug\lib3ds.exp
u:\documents\ac41001 -  graphics\include\lib3ds-1.3.0\msvc8\debug\lib3ds-1_3d.ilk
u:\documents\ac41001 -  graphics\include\lib3ds-1.3.0\msvc8\debug\lib3ds-1_3d.dll
u:\documents\ac41001 -  graphics\include\lib3ds-1.3.0\msvc8\debug\lib3ds.pdb
u:\documents\ac41001 -  graphics\include\lib3ds-1.3.0\msvc8\tmp\lib3ds\debug\lib3ds.res
u:\documents\ac41001 -  graphics\include\lib3ds-1.3.0\msvc8\tmp\lib3ds\debug\lib3ds.tlog\cl.command.1.tlog
u:\documents\ac41001 -  graphics\include\lib3ds-1.3.0\msvc8\tmp\lib3ds\debug\lib3ds.tlog\cl.write.1.tlog
u:\documents\ac41001 -  graphics\include\lib3ds-1.3.0\msvc8\tmp\lib3ds\debug\lib3ds.tlog\lib3ds.write.1u.tlog
u:\documents\ac41001 -  graphics\include\lib3ds-1.3.0\msvc8\tmp\lib3ds\debug\lib3ds.tlog\link.command.1.tlog
u:\documents\ac41001 -  graphics\include\lib3ds-1.3.0\msvc8\tmp\lib3ds\debug\lib3ds.tlog\link.read.1.tlog
u:\documents\ac41001 -  graphics\include\lib3ds-1.3.0\msvc8\tmp\lib3ds\debug\lib3ds.tlog\link.write.1.tlog
u:\documents\ac41001 -  graphics\include\lib3ds-1.3.0\msvc8\tmp\lib3ds\debug\lib3ds.tlog\rc.command.1.tlog
u:\documents\ac41001 -  graphics\include\lib3ds-1.3.0\msvc8\tmp\lib3ds\debug\lib3ds.tlog\rc.read.1.tlog
u:\documents\ac41001 -  graphics\include\lib3ds-1.3.0\msvc8\tmp\lib3ds\debug\lib3ds.tlog\rc.write.1.tlog
