Build started 02/12/2014 18:25:07.
     1>Project "U:\Documents\AC41001 -  Graphics\include\lib3ds-1.3.0\msvc8\lib3ds.vcxproj" on node 2 (Rebuild target(s)).
     1>ClCompile:
         C:\Program Files\Microsoft Visual Studio 12.0\VC\bin\CL.exe /c /I.. /ZI /nologo /W3 /WX- /Od /Oy- /D WIN32 /D _DEBUG /D _WINDOWS /D _USRDLL /D LIB3DS_EXPORTS /D _WINDLL /Gm /EHsc /RTC1 /MDd /GS /fp:precise /Za /Zc:wchar_t /Zc:forScope /Fo"tmp/lib3ds/debug\\" /Fd"tmp/lib3ds/debug\vc120.pdb" /Gd /TC /wd4996 /analyze- /errorReport:none ..\lib3ds\atmosphere.c ..\lib3ds\background.c ..\lib3ds\camera.c ..\lib3ds\chunk.c ..\lib3ds\ease.c ..\lib3ds\file.c ..\lib3ds\io.c ..\lib3ds\light.c ..\lib3ds\material.c ..\lib3ds\matrix.c ..\lib3ds\mesh.c ..\lib3ds\node.c ..\lib3ds\quat.c ..\lib3ds\shadow.c ..\lib3ds\tcb.c ..\lib3ds\tracks.c ..\lib3ds\vector.c ..\lib3ds\viewport.c
         viewport.c
         vector.c
         tracks.c
         tcb.c
         shadow.c
         quat.c
         node.c
         mesh.c
         matrix.c
         material.c
         light.c
         io.c
         file.c
         ease.c
         chunk.c
         camera.c
         background.c
         atmosphere.c
         Generating Code...
       ResourceCompile:
         C:\Program Files\Windows Kits\8.1\bin\x86\rc.exe /l"0x0409" /nologo /fo"tmp/lib3ds/debug\lib3ds.res" lib3ds.rc 
     1>C:\Program Files\MSBuild\Microsoft.Cpp\v4.0\V120\Microsoft.CppBuild.targets(1186,5): warning MSB8012: TargetPath(U:\Documents\AC41001 -  Graphics\include\lib3ds-1.3.0\msvc8\debug\lib3ds.dll) does not match the Linker's OutputFile property value (U:\Documents\AC41001 -  Graphics\include\lib3ds-1.3.0\msvc8\debug\lib3ds-1_3d.dll). This may cause your project to build incorrectly. To correct this, please make sure that $(OutDir), $(TargetName) and $(TargetExt) property values match the value specified in %(Link.OutputFile).
     1>C:\Program Files\MSBuild\Microsoft.Cpp\v4.0\V120\Microsoft.CppBuild.targets(1188,5): warning MSB8012: TargetName(lib3ds) does not match the Linker's OutputFile property value (lib3ds-1_3d). This may cause your project to build incorrectly. To correct this, please make sure that $(OutDir), $(TargetName) and $(TargetExt) property values match the value specified in %(Link.OutputFile).
       Link:
         C:\Program Files\Microsoft Visual Studio 12.0\VC\bin\link.exe /ERRORREPORT:PROMPT /OUT:"debug\lib3ds-1_3d.dll" /VERSION:"1.3" /INCREMENTAL /NOLOGO kernel32.lib user32.lib gdi32.lib winspool.lib comdlg32.lib advapi32.lib shell32.lib ole32.lib oleaut32.lib uuid.lib odbc32.lib odbccp32.lib /MANIFEST /MANIFESTUAC:"level='asInvoker' uiAccess='false'" /manifest:embed /DEBUG /PDB:"debug\lib3ds.pdb" /SUBSYSTEM:WINDOWS /TLBID:1 /DYNAMICBASE /NXCOMPAT /IMPLIB:"debug\lib3ds.lib" /MACHINE:X86 /SAFESEH /DLL tmp/lib3ds/debug\lib3ds.res
         tmp/lib3ds/debug\atmosphere.obj
         tmp/lib3ds/debug\background.obj
         tmp/lib3ds/debug\camera.obj
         tmp/lib3ds/debug\chunk.obj
         tmp/lib3ds/debug\ease.obj
         tmp/lib3ds/debug\file.obj
         tmp/lib3ds/debug\io.obj
         tmp/lib3ds/debug\light.obj
         tmp/lib3ds/debug\material.obj
         tmp/lib3ds/debug\matrix.obj
         tmp/lib3ds/debug\mesh.obj
         tmp/lib3ds/debug\node.obj
         tmp/lib3ds/debug\quat.obj
         tmp/lib3ds/debug\shadow.obj
         tmp/lib3ds/debug\tcb.obj
         tmp/lib3ds/debug\tracks.obj
         tmp/lib3ds/debug\vector.obj
         tmp/lib3ds/debug\viewport.obj
     1>atmosphere.obj : warning LNK4075: ignoring '/EDITANDCONTINUE' due to '/SAFESEH' specification
            Creating library debug\lib3ds.lib and object debug\lib3ds.exp
         lib3ds.vcxproj -> U:\Documents\AC41001 -  Graphics\include\lib3ds-1.3.0\msvc8\debug\lib3ds.dll
     1>Done Building Project "U:\Documents\AC41001 -  Graphics\include\lib3ds-1.3.0\msvc8\lib3ds.vcxproj" (Rebuild target(s)).

Build succeeded.

Time Elapsed 00:00:03.88
